c:\users\ralph\downloads\pocketsphinx\pocketsphinx\win32\pocketsphinx\release\x64\vc140.pdb
c:\users\ralph\downloads\pocketsphinx\pocketsphinx\win32\pocketsphinx\release\x64\phone_loop_search.obj
c:\users\ralph\downloads\pocketsphinx\pocketsphinx\win32\pocketsphinx\release\x64\ngram_search_fwdtree.obj
c:\users\ralph\downloads\pocketsphinx\pocketsphinx\win32\pocketsphinx\release\x64\ngram_search_fwdflat.obj
c:\users\ralph\downloads\pocketsphinx\pocketsphinx\win32\pocketsphinx\release\x64\ngram_search.obj
c:\users\ralph\downloads\pocketsphinx\pocketsphinx\win32\pocketsphinx\release\x64\ms_senone.obj
c:\users\ralph\downloads\pocketsphinx\pocketsphinx\win32\pocketsphinx\release\x64\ms_mgau.obj
c:\users\ralph\downloads\pocketsphinx\pocketsphinx\win32\pocketsphinx\release\x64\ms_gauden.obj
c:\users\ralph\downloads\pocketsphinx\pocketsphinx\win32\pocketsphinx\release\x64\mdef.obj
c:\users\ralph\downloads\pocketsphinx\pocketsphinx\win32\pocketsphinx\release\x64\kws_search.obj
c:\users\ralph\downloads\pocketsphinx\pocketsphinx\win32\pocketsphinx\release\x64\kws_detections.obj
c:\users\ralph\downloads\pocketsphinx\pocketsphinx\win32\pocketsphinx\release\x64\hmm.obj
c:\users\ralph\downloads\pocketsphinx\pocketsphinx\win32\pocketsphinx\release\x64\fsg_search.obj
c:\users\ralph\downloads\pocketsphinx\pocketsphinx\win32\pocketsphinx\release\x64\fsg_lextree.obj
c:\users\ralph\downloads\pocketsphinx\pocketsphinx\win32\pocketsphinx\release\x64\fsg_history.obj
c:\users\ralph\downloads\pocketsphinx\pocketsphinx\win32\pocketsphinx\release\x64\dict2pid.obj
c:\users\ralph\downloads\pocketsphinx\pocketsphinx\win32\pocketsphinx\release\x64\dict.obj
c:\users\ralph\downloads\pocketsphinx\pocketsphinx\win32\pocketsphinx\release\x64\blkarray_list.obj
c:\users\ralph\downloads\pocketsphinx\pocketsphinx\win32\pocketsphinx\release\x64\bin_mdef.obj
c:\users\ralph\downloads\pocketsphinx\pocketsphinx\win32\pocketsphinx\release\x64\allphone_search.obj
c:\users\ralph\downloads\pocketsphinx\pocketsphinx\win32\pocketsphinx\release\x64\acmod.obj
c:\users\ralph\downloads\pocketsphinx\pocketsphinx\win32\pocketsphinx\release\x64\vector.obj
c:\users\ralph\downloads\pocketsphinx\pocketsphinx\win32\pocketsphinx\release\x64\tmat.obj
c:\users\ralph\downloads\pocketsphinx\pocketsphinx\win32\pocketsphinx\release\x64\s2_semi_mgau.obj
c:\users\ralph\downloads\pocketsphinx\pocketsphinx\win32\pocketsphinx\release\x64\ptm_mgau.obj
c:\users\ralph\downloads\pocketsphinx\pocketsphinx\win32\pocketsphinx\release\x64\ps_mllr.obj
c:\users\ralph\downloads\pocketsphinx\pocketsphinx\win32\pocketsphinx\release\x64\ps_lattice.obj
c:\users\ralph\downloads\pocketsphinx\pocketsphinx\win32\pocketsphinx\release\x64\pocketsphinx.obj
c:\users\ralph\downloads\pocketsphinx\pocketsphinx\bin\release\x64\pocketsphinx.dll
c:\users\ralph\downloads\pocketsphinx\pocketsphinx\bin\release\x64\pocketsphinx.pdb
c:\users\ralph\downloads\pocketsphinx\pocketsphinx\bin\release\x64\pocketsphinx.lib
c:\users\ralph\downloads\pocketsphinx\pocketsphinx\bin\release\x64\pocketsphinx.exp
c:\users\ralph\downloads\pocketsphinx\pocketsphinx\\bin\release\x64\pocketsphinx.pdb
c:\users\ralph\downloads\pocketsphinx\pocketsphinx\\bin\release\x64\pocketsphinx.dll
c:\users\ralph\downloads\pocketsphinx\pocketsphinx\win32\pocketsphinx\release\x64\pocketsphinx.tlog\cl.command.1.tlog
c:\users\ralph\downloads\pocketsphinx\pocketsphinx\win32\pocketsphinx\release\x64\pocketsphinx.tlog\cl.read.1.tlog
c:\users\ralph\downloads\pocketsphinx\pocketsphinx\win32\pocketsphinx\release\x64\pocketsphinx.tlog\cl.write.1.tlog
c:\users\ralph\downloads\pocketsphinx\pocketsphinx\win32\pocketsphinx\release\x64\pocketsphinx.tlog\link.command.1.tlog
c:\users\ralph\downloads\pocketsphinx\pocketsphinx\win32\pocketsphinx\release\x64\pocketsphinx.tlog\link.read.1.tlog
c:\users\ralph\downloads\pocketsphinx\pocketsphinx\win32\pocketsphinx\release\x64\pocketsphinx.tlog\link.write.1.tlog
c:\users\ralph\downloads\pocketsphinx\pocketsphinx\win32\pocketsphinx\release\x64\pocketsphinx.tlog\pocketsphinx.write.1u.tlog
