c:\users\ralph\downloads\pocketsphinx\sphinxbase\win32\sphinxbase\release\x64\vc140.pdb
c:\users\ralph\downloads\pocketsphinx\sphinxbase\win32\sphinxbase\release\x64\jsgf_scanner.obj
c:\users\ralph\downloads\pocketsphinx\sphinxbase\win32\sphinxbase\release\x64\jsgf_parser.obj
c:\users\ralph\downloads\pocketsphinx\sphinxbase\win32\sphinxbase\release\x64\jsgf.obj
c:\users\ralph\downloads\pocketsphinx\sphinxbase\win32\sphinxbase\release\x64\fsg_model.obj
c:\users\ralph\downloads\pocketsphinx\sphinxbase\win32\sphinxbase\release\x64\yin.obj
c:\users\ralph\downloads\pocketsphinx\sphinxbase\win32\sphinxbase\release\x64\fixlog.obj
c:\users\ralph\downloads\pocketsphinx\sphinxbase\win32\sphinxbase\release\x64\fe_warp_piecewise_linear.obj
c:\users\ralph\downloads\pocketsphinx\sphinxbase\win32\sphinxbase\release\x64\fe_warp_inverse_linear.obj
c:\users\ralph\downloads\pocketsphinx\sphinxbase\win32\sphinxbase\release\x64\fe_warp.obj
c:\users\ralph\downloads\pocketsphinx\sphinxbase\win32\sphinxbase\release\x64\fe_warp_affine.obj
c:\users\ralph\downloads\pocketsphinx\sphinxbase\win32\sphinxbase\release\x64\fe_sigproc.obj
c:\users\ralph\downloads\pocketsphinx\sphinxbase\win32\sphinxbase\release\x64\fe_prespch_buf.obj
c:\users\ralph\downloads\pocketsphinx\sphinxbase\win32\sphinxbase\release\x64\fe_noise.obj
c:\users\ralph\downloads\pocketsphinx\sphinxbase\win32\sphinxbase\release\x64\fe_interface.obj
c:\users\ralph\downloads\pocketsphinx\sphinxbase\win32\sphinxbase\release\x64\lda.obj
c:\users\ralph\downloads\pocketsphinx\sphinxbase\win32\sphinxbase\release\x64\feat.obj
c:\users\ralph\downloads\pocketsphinx\sphinxbase\win32\sphinxbase\release\x64\cmn_prior.obj
c:\users\ralph\downloads\pocketsphinx\sphinxbase\win32\sphinxbase\release\x64\cmn.obj
c:\users\ralph\downloads\pocketsphinx\sphinxbase\win32\sphinxbase\release\x64\agc.obj
c:\users\ralph\downloads\pocketsphinx\sphinxbase\win32\sphinxbase\release\x64\ad_win32.obj
c:\users\ralph\downloads\pocketsphinx\sphinxbase\win32\sphinxbase\release\x64\hash_table.obj
c:\users\ralph\downloads\pocketsphinx\sphinxbase\win32\sphinxbase\release\x64\glist.obj
c:\users\ralph\downloads\pocketsphinx\sphinxbase\win32\sphinxbase\release\x64\genrand.obj
c:\users\ralph\downloads\pocketsphinx\sphinxbase\win32\sphinxbase\release\x64\filename.obj
c:\users\ralph\downloads\pocketsphinx\sphinxbase\win32\sphinxbase\release\x64\f2c_lite.obj
c:\users\ralph\downloads\pocketsphinx\sphinxbase\win32\sphinxbase\release\x64\err.obj
c:\users\ralph\downloads\pocketsphinx\sphinxbase\win32\sphinxbase\release\x64\dtoa.obj
c:\users\ralph\downloads\pocketsphinx\sphinxbase\win32\sphinxbase\release\x64\cmd_ln.obj
c:\users\ralph\downloads\pocketsphinx\sphinxbase\win32\sphinxbase\release\x64\ckd_alloc.obj
c:\users\ralph\downloads\pocketsphinx\sphinxbase\win32\sphinxbase\release\x64\case.obj
c:\users\ralph\downloads\pocketsphinx\sphinxbase\win32\sphinxbase\release\x64\blas_lite.obj
c:\users\ralph\downloads\pocketsphinx\sphinxbase\win32\sphinxbase\release\x64\bitvec.obj
c:\users\ralph\downloads\pocketsphinx\sphinxbase\win32\sphinxbase\release\x64\bitarr.obj
c:\users\ralph\downloads\pocketsphinx\sphinxbase\win32\sphinxbase\release\x64\bio.obj
c:\users\ralph\downloads\pocketsphinx\sphinxbase\win32\sphinxbase\release\x64\ngram_model_trie.obj
c:\users\ralph\downloads\pocketsphinx\sphinxbase\win32\sphinxbase\release\x64\ngram_model_set.obj
c:\users\ralph\downloads\pocketsphinx\sphinxbase\win32\sphinxbase\release\x64\ngram_model.obj
c:\users\ralph\downloads\pocketsphinx\sphinxbase\win32\sphinxbase\release\x64\lm_trie_quant.obj
c:\users\ralph\downloads\pocketsphinx\sphinxbase\win32\sphinxbase\release\x64\lm_trie.obj
c:\users\ralph\downloads\pocketsphinx\sphinxbase\win32\sphinxbase\release\x64\ngrams_raw.obj
c:\users\ralph\downloads\pocketsphinx\sphinxbase\win32\sphinxbase\release\x64\strfuncs.obj
c:\users\ralph\downloads\pocketsphinx\sphinxbase\win32\sphinxbase\release\x64\slapack_lite.obj
c:\users\ralph\downloads\pocketsphinx\sphinxbase\win32\sphinxbase\release\x64\slamch.obj
c:\users\ralph\downloads\pocketsphinx\sphinxbase\win32\sphinxbase\release\x64\sbthread.obj
c:\users\ralph\downloads\pocketsphinx\sphinxbase\win32\sphinxbase\release\x64\profile.obj
c:\users\ralph\downloads\pocketsphinx\sphinxbase\win32\sphinxbase\release\x64\priority_queue.obj
c:\users\ralph\downloads\pocketsphinx\sphinxbase\win32\sphinxbase\release\x64\pio.obj
c:\users\ralph\downloads\pocketsphinx\sphinxbase\win32\sphinxbase\release\x64\mmio.obj
c:\users\ralph\downloads\pocketsphinx\sphinxbase\win32\sphinxbase\release\x64\matrix.obj
c:\users\ralph\downloads\pocketsphinx\sphinxbase\win32\sphinxbase\release\x64\logmath.obj
c:\users\ralph\downloads\pocketsphinx\sphinxbase\win32\sphinxbase\release\x64\listelem_alloc.obj
c:\users\ralph\downloads\pocketsphinx\sphinxbase\win32\sphinxbase\release\x64\heap.obj
c:\users\ralph\downloads\pocketsphinx\sphinxbase\bin\release\x64\sphinxbase.dll
c:\users\ralph\downloads\pocketsphinx\sphinxbase\bin\release\x64\sphinxbase.pdb
c:\users\ralph\downloads\pocketsphinx\sphinxbase\bin\release\x64\sphinxbase.lib
c:\users\ralph\downloads\pocketsphinx\sphinxbase\bin\release\x64\sphinxbase.exp
c:\users\ralph\downloads\pocketsphinx\sphinxbase\\bin\release\x64\sphinxbase.pdb
c:\users\ralph\downloads\pocketsphinx\sphinxbase\\bin\release\x64\sphinxbase.dll
c:\users\ralph\downloads\pocketsphinx\sphinxbase\win32\sphinxbase\release\x64\sphinxbase.tlog\cl.command.1.tlog
c:\users\ralph\downloads\pocketsphinx\sphinxbase\win32\sphinxbase\release\x64\sphinxbase.tlog\cl.read.1.tlog
c:\users\ralph\downloads\pocketsphinx\sphinxbase\win32\sphinxbase\release\x64\sphinxbase.tlog\cl.write.1.tlog
c:\users\ralph\downloads\pocketsphinx\sphinxbase\win32\sphinxbase\release\x64\sphinxbase.tlog\link.command.1.tlog
c:\users\ralph\downloads\pocketsphinx\sphinxbase\win32\sphinxbase\release\x64\sphinxbase.tlog\link.read.1.tlog
c:\users\ralph\downloads\pocketsphinx\sphinxbase\win32\sphinxbase\release\x64\sphinxbase.tlog\link.write.1.tlog
c:\users\ralph\downloads\pocketsphinx\sphinxbase\win32\sphinxbase\release\x64\sphinxbase.tlog\sphinxbase.write.1u.tlog
